
[2015-11-24 02:20:23] Beginning TopHat run (v2.1.0)
-----------------------------------------------
[2015-11-24 02:20:23] Checking for Bowtie
		  Bowtie version:	 2.2.6.0
[2015-11-24 02:20:23] Checking for Bowtie index files (genome)..
[2015-11-24 02:20:23] Checking for reference FASTA file
	Warning: Could not find FASTA file index/genome_index.fa
[2015-11-24 02:20:23] Reconstituting reference FASTA file from Bowtie index
  Executing: /usr/local/bin/bowtie2/bowtie2-inspect index/genome_index > tophat_out_liver/tmp/genome_index.fa
[2015-11-24 02:20:23] Generating SAM header for index/genome_index
[2015-11-24 02:20:23] Preparing reads
	 left reads: min. length=44, max. length=105, 2933 kept reads (4 discarded)
	right reads: min. length=105, max. length=105, 2933 kept reads (4 discarded)
[2015-11-24 02:20:23] Mapping left_kept_reads to genome genome_index with Bowtie2 
[2015-11-24 02:20:24] Mapping left_kept_reads_seg1 to genome genome_index with Bowtie2 (1/4)
[2015-11-24 02:20:24] Mapping left_kept_reads_seg2 to genome genome_index with Bowtie2 (2/4)
[2015-11-24 02:20:25] Mapping left_kept_reads_seg3 to genome genome_index with Bowtie2 (3/4)
[2015-11-24 02:20:25] Mapping left_kept_reads_seg4 to genome genome_index with Bowtie2 (4/4)
[2015-11-24 02:20:25] Mapping right_kept_reads to genome genome_index with Bowtie2 
[2015-11-24 02:20:26] Mapping right_kept_reads_seg1 to genome genome_index with Bowtie2 (1/4)
[2015-11-24 02:20:26] Mapping right_kept_reads_seg2 to genome genome_index with Bowtie2 (2/4)
[2015-11-24 02:20:27] Mapping right_kept_reads_seg3 to genome genome_index with Bowtie2 (3/4)
[2015-11-24 02:20:27] Mapping right_kept_reads_seg4 to genome genome_index with Bowtie2 (4/4)
[2015-11-24 02:20:27] Searching for junctions via segment mapping
[2015-11-24 02:20:27] Retrieving sequences for splices
[2015-11-24 02:20:27] Indexing splices
[2015-11-24 02:20:28] Mapping left_kept_reads_seg1 to genome segment_juncs with Bowtie2 (1/4)
[2015-11-24 02:20:28] Mapping left_kept_reads_seg2 to genome segment_juncs with Bowtie2 (2/4)
[2015-11-24 02:20:28] Mapping left_kept_reads_seg3 to genome segment_juncs with Bowtie2 (3/4)
[2015-11-24 02:20:29] Mapping left_kept_reads_seg4 to genome segment_juncs with Bowtie2 (4/4)
[2015-11-24 02:20:29] Joining segment hits
[2015-11-24 02:20:29] Mapping right_kept_reads_seg1 to genome segment_juncs with Bowtie2 (1/4)
[2015-11-24 02:20:29] Mapping right_kept_reads_seg2 to genome segment_juncs with Bowtie2 (2/4)
[2015-11-24 02:20:29] Mapping right_kept_reads_seg3 to genome segment_juncs with Bowtie2 (3/4)
[2015-11-24 02:20:29] Mapping right_kept_reads_seg4 to genome segment_juncs with Bowtie2 (4/4)
[2015-11-24 02:20:30] Joining segment hits
[2015-11-24 02:20:30] Reporting output tracks
-----------------------------------------------
[2015-11-24 02:20:30] A summary of the alignment counts can be found in tophat_out_liver/align_summary.txt
[2015-11-24 02:20:30] Run complete: 00:00:07 elapsed
